2025-01-20 17:21:34,728 - INFO - Conversations List: {
    "ok": true,
    "channels": [
        {
            "id": "C086YJE7QMC",
            "name": "social",
            "is_channel": true,
            "is_group": false,
            "is_im": false,
            "is_mpim": false,
            "is_private": false,
            "created": 1735882662,
            "is_archived": false,
            "is_general": false,
            "unlinked": 0,
            "name_normalized": "social",
            "is_shared": false,
            "is_org_shared": false,
            "is_pending_ext_shared": false,
            "pending_shared": [],
            "context_team_id": "T086YJE6ZC6",
            "updated": 1735882665705,
            "parent_conversation": null,
            "creator": "U0877NCL5V2",
            "is_ext_shared": false,
            "shared_team_ids": [
                "T086YJE6ZC6"
            ],
            "pending_connected_team_ids": [],
            "is_member": false,
            "topic": {
                "value": "",
                "creator": "",
                "last_set": 0
            },
            "purpose": {
                "value": "Other channels are for work. This one\u2019s just for fun. Get to know your teammates and show your lighter side. \ud83c\udf88",
                "creator": "U0877NCL5V2",
                "last_set": 1735882662
            },
            "properties": {
                "canvas": {
                    "file_id": "F08754KUN5R",
                    "is_empty": false,
                    "quip_thread_id": "Tdd9AAbxaNI"
                },
                "use_case": "random"
            },
            "previous_names": [],
            "num_members": 11
        },
        {
            "id": "C08757X2D6E",
            "name": "project",
            "is_channel": true,
            "is_group": false,
            "is_im": false,
            "is_mpim": false,
            "is_private": false,
            "created": 1735883537,
            "is_archived": false,
            "is_general": false,
            "unlinked": 0,
            "name_normalized": "project",
            "is_shared": false,
            "is_org_shared": false,
            "is_pending_ext_shared": false,
            "pending_shared": [],
            "context_team_id": "T086YJE6ZC6",
            "updated": 1735883538919,
            "parent_conversation": null,
            "creator": "U0877NCL5V2",
            "is_ext_shared": false,
            "shared_team_ids": [
                "T086YJE6ZC6"
            ],
            "pending_connected_team_ids": [],
            "is_member": false,
            "topic": {
                "value": "",
                "creator": "",
                "last_set": 0
            },
            "purpose": {
                "value": "This channel is for everything #project. Hold meetings, share docs and make decisions together with your team.",
                "creator": "U0877NCL5V2",
                "last_set": 1735883537
            },
            "properties": {
                "canvas": {
                    "file_id": "F087U2LBLBA",
                    "quip_thread_id": "KbA9AA1sRG1"
                },
                "use_case": "project"
            },
            "previous_names": [],
            "num_members": 11
        },
        {
            "id": "C087U1SHTDE",
            "name": "all-raj-tech",
            "is_channel": true,
            "is_group": false,
            "is_im": false,
            "is_mpim": false,
            "is_private": false,
            "created": 1735882662,
            "is_archived": false,
            "is_general": true,
            "unlinked": 0,
            "name_normalized": "all-raj-tech",
            "is_shared": false,
            "is_org_shared": false,
            "is_pending_ext_shared": false,
            "pending_shared": [],
            "context_team_id": "T086YJE6ZC6",
            "updated": 1735883033218,
            "parent_conversation": null,
            "creator": "U0877NCL5V2",
            "is_ext_shared": false,
            "shared_team_ids": [
                "T086YJE6ZC6"
            ],
            "pending_connected_team_ids": [],
            "is_member": false,
            "topic": {
                "value": "",
                "creator": "",
                "last_set": 0
            },
            "purpose": {
                "value": "Share announcements and updates about company news, upcoming events or teammates who deserve some kudos. \u2b50",
                "creator": "U0877NCL5V2",
                "last_set": 1735882662
            },
            "properties": {
                "canvas": {
                    "file_id": "F08754KUMT5",
                    "is_empty": false,
                    "quip_thread_id": "HVW9AAgZVhl"
                },
                "use_case": "welcome"
            },
            "previous_names": [
                "all-slack"
            ],
            "num_members": 11
        },
        {
            "id": "C087U2T53T2",
            "name": "training",
            "is_channel": true,
            "is_group": false,
            "is_im": false,
            "is_mpim": false,
            "is_private": false,
            "created": 1735883749,
            "is_archived": false,
            "is_general": false,
            "unlinked": 0,
            "name_normalized": "training",
            "is_shared": false,
            "is_org_shared": false,
            "is_pending_ext_shared": false,
            "pending_shared": [],
            "context_team_id": "T086YJE6ZC6",
            "updated": 1735883749666,
            "parent_conversation": null,
            "creator": "U0877NCL5V2",
            "is_ext_shared": false,
            "shared_team_ids": [
                "T086YJE6ZC6"
            ],
            "pending_connected_team_ids": [],
            "is_member": false,
            "topic": {
                "value": "",
                "creator": "",
                "last_set": 0
            },
            "purpose": {
                "value": "",
                "creator": "",
                "last_set": 0
            },
            "previous_names": [],
            "num_members": 11
        }
    ],
    "response_metadata": {
        "next_cursor": ""
    }
}
2025-01-20 17:21:35,616 - INFO - Users List: {
  "ok": true,
  "members": [
    {
      "id": "USLACKBOT",
      "team_id": "T086YJE6ZC6",
      "name": "slackbot",
      "deleted": false,
      "color": "757575",
      "real_name": "Slackbot",
      "tz": "America/Los_Angeles",
      "tz_label": "Pacific Standard Time",
      "tz_offset": -28800,
      "profile": {
        "title": "",
        "phone": "",
        "skype": "",
        "real_name": "Slackbot",
        "real_name_normalized": "Slackbot",
        "display_name": "Slackbot",
        "display_name_normalized": "Slackbot",
        "fields": {},
        "status_text": "",
        "status_emoji": "",
        "status_emoji_display_info": [],
        "status_expiration": 0,
        "avatar_hash": "sv41d8cd98f0",
        "always_active": true,
        "first_name": "slackbot",
        "last_name": "",
        "image_24": "https://a.slack-edge.com/80588/img/slackbot_24.png",
        "image_32": "https://a.slack-edge.com/80588/img/slackbot_32.png",
        "image_48": "https://a.slack-edge.com/80588/img/slackbot_48.png",
        "image_72": "https://a.slack-edge.com/80588/img/slackbot_72.png",
        "image_192": "https://a.slack-edge.com/80588/marketing/img/avatars/slackbot/avatar-slackbot.png",
        "image_512": "https://a.slack-edge.com/80588/img/slackbot_512.png",
        "status_text_canonical": "",
        "team": "T086YJE6ZC6"
      },
      "is_admin": false,
      "is_owner": false,
      "is_primary_owner": false,
      "is_restricted": false,
      "is_ultra_restricted": false,
      "is_bot": false,
      "is_app_user": false,
      "updated": 0,
      "is_email_confirmed": false,
      "who_can_share_contact_card": "EVERYONE"
    },
    {
      "id": "U086Z9CEJJ2",
      "team_id": "T086YJE6ZC6",
      "name": "harish",
      "deleted": false,
      "color": "73769d",
      "real_name": "harish",
      "tz": "Asia/Kolkata",
      "tz_label": "India Standard Time",
      "tz_offset": 19800,
      "profile": {
        "title": "",
        "phone": "",
        "skype": "",
        "real_name": "harish",
        "real_name_normalized": "harish",
        "display_name": "",
        "display_name_normalized": "",
        "fields": null,
        "status_text": "",
        "status_emoji": "",
        "status_emoji_display_info": [],
        "status_expiration": 0,
        "avatar_hash": "gf4f42e37884",
        "first_name": "harish",
        "last_name": "",
        "image_24": "https://secure.gravatar.com/avatar/f4f42e37884b77b2ffabf3a644ffe47e.jpg?s=24&d=https%3A%2F%2Fa.slack-edge.com%2Fdf10d%2Fimg%2Favatars%2Fava_0001-24.png",
        "image_32": "https://secure.gravatar.com/avatar/f4f42e37884b77b2ffabf3a644ffe47e.jpg?s=32&d=https%3A%2F%2Fa.slack-edge.com%2Fdf10d%2Fimg%2Favatars%2Fava_0001-32.png",
        "image_48": "https://secure.gravatar.com/avatar/f4f42e37884b77b2ffabf3a644ffe47e.jpg?s=48&d=https%3A%2F%2Fa.slack-edge.com%2Fdf10d%2Fimg%2Favatars%2Fava_0001-48.png",
        "image_72": "https://secure.gravatar.com/avatar/f4f42e37884b77b2ffabf3a644ffe47e.jpg?s=72&d=https%3A%2F%2Fa.slack-edge.com%2Fdf10d%2Fimg%2Favatars%2Fava_0001-72.png",
        "image_192": "https://secure.gravatar.com/avatar/f4f42e37884b77b2ffabf3a644ffe47e.jpg?s=192&d=https%3A%2F%2Fa.slack-edge.com%2Fdf10d%2Fimg%2Favatars%2Fava_0001-192.png",
        "image_512": "https://secure.gravatar.com/avatar/f4f42e37884b77b2ffabf3a644ffe47e.jpg?s=512&d=https%3A%2F%2Fa.slack-edge.com%2Fdf10d%2Fimg%2Favatars%2Fava_0001-512.png",
        "status_text_canonical": "",
        "team": "T086YJE6ZC6"
      },
      "is_admin": false,
      "is_owner": false,
      "is_primary_owner": false,
      "is_restricted": false,
      "is_ultra_restricted": false,
      "is_bot": false,
      "is_app_user": false,
      "updated": 1735898951,
      "is_email_confirmed": false,
      "who_can_share_contact_card": "EVERYONE",
      "is_invited_user": true
    },
    {
      "id": "U08757X5S90",
      "team_id": "T086YJE6ZC6",
      "name": "kirankumarladdu29",
      "deleted": false,
      "color": "684b6c",
      "real_name": "kirankumarladdu29",
      "tz": "Asia/Kolkata",
      "tz_label": "India Standard Time",
      "tz_offset": 19800,
      "profile": {
        "title": "",
        "phone": "",
        "skype": "",
        "real_name": "kirankumarladdu29",
        "real_name_normalized": "kirankumarladdu29",
        "display_name": "",
        "display_name_normalized": "",
        "fields": null,
        "status_text": "",
        "status_emoji": "",
        "status_emoji_display_info": [],
        "status_expiration": 0,
        "avatar_hash": "ge6b7c368a3a",
        "first_name": "kirankumarladdu29",
        "last_name": "",
        "image_24": "https://secure.gravatar.com/avatar/e6b7c368a3a1de6cbfba1b04de0bb8fd.jpg?s=24&d=https%3A%2F%2Fa.slack-edge.com%2Fdf10d%2Fimg%2Favatars%2Fava_0016-24.png",
        "image_32": "https://secure.gravatar.com/avatar/e6b7c368a3a1de6cbfba1b04de0bb8fd.jpg?s=32&d=https%3A%2F%2Fa.slack-edge.com%2Fdf10d%2Fimg%2Favatars%2Fava_0016-32.png",
        "image_48": "https://secure.gravatar.com/avatar/e6b7c368a3a1de6cbfba1b04de0bb8fd.jpg?s=48&d=https%3A%2F%2Fa.slack-edge.com%2Fdf10d%2Fimg%2Favatars%2Fava_0016-48.png",
        "image_72": "https://secure.gravatar.com/avatar/e6b7c368a3a1de6cbfba1b04de0bb8fd.jpg?s=72&d=https%3A%2F%2Fa.slack-edge.com%2Fdf10d%2Fimg%2Favatars%2Fava_0016-72.png",
        "image_192": "https://secure.gravatar.com/avatar/e6b7c368a3a1de6cbfba1b04de0bb8fd.jpg?s=192&d=https%3A%2F%2Fa.slack-edge.com%2Fdf10d%2Fimg%2Favatars%2Fava_0016-192.png",
        "image_512": "https://secure.gravatar.com/avatar/e6b7c368a3a1de6cbfba1b04de0bb8fd.jpg?s=512&d=https%3A%2F%2Fa.slack-edge.com%2Fdf10d%2Fimg%2Favatars%2Fava_0016-512.png",
        "status_text_canonical": "",
        "team": "T086YJE6ZC6"
      },
      "is_admin": false,
      "is_owner": false,
      "is_primary_owner": false,
      "is_restricted": false,
      "is_ultra_restricted": false,
      "is_bot": false,
      "is_app_user": false,
      "updated": 1735883541,
      "is_email_confirmed": false,
      "who_can_share_contact_card": "EVERYONE",
      "is_invited_user": true
    },
    {
      "id": "U0875SNFP9Q",
      "team_id": "T086YJE6ZC6",
      "name": "demo_app",
      "deleted": true,
      "profile": {
        "title": "",
        "phone": "",
        "skype": "",
        "real_name": "Demo App",
        "real_name_normalized": "Demo App",
        "display_name": "",
        "display_name_normalized": "",
        "fields": null,
        "status_text": "",
        "status_emoji": "",
        "status_emoji_display_info": [],
        "status_expiration": 0,
        "avatar_hash": "g44348544462",
        "api_app_id": "A087U66JS5N",
        "always_active": false,
        "bot_id": "B0875Q53XGB",
        "first_name": "Demo",
        "last_name": "App",
        "image_24": "https://secure.gravatar.com/avatar/443485444624e61f37a85acb608b85d1.jpg?s=24&d=https%3A%2F%2Fa.slack-edge.com%2Fdf10d%2Fimg%2Favatars%2Fava_0026-24.png",
        "image_32": "https://secure.gravatar.com/avatar/443485444624e61f37a85acb608b85d1.jpg?s=32&d=https%3A%2F%2Fa.slack-edge.com%2Fdf10d%2Fimg%2Favatars%2Fava_0026-32.png",
        "image_48": "https://secure.gravatar.com/avatar/443485444624e61f37a85acb608b85d1.jpg?s=48&d=https%3A%2F%2Fa.slack-edge.com%2Fdf10d%2Fimg%2Favatars%2Fava_0026-48.png",
        "image_72": "https://secure.gravatar.com/avatar/443485444624e61f37a85acb608b85d1.jpg?s=72&d=https%3A%2F%2Fa.slack-edge.com%2Fdf10d%2Fimg%2Favatars%2Fava_0026-72.png",
        "image_192": "https://secure.gravatar.com/avatar/443485444624e61f37a85acb608b85d1.jpg?s=192&d=https%3A%2F%2Fa.slack-edge.com%2Fdf10d%2Fimg%2Favatars%2Fava_0026-192.png",
        "image_512": "https://secure.gravatar.com/avatar/443485444624e61f37a85acb608b85d1.jpg?s=512&d=https%3A%2F%2Fa.slack-edge.com%2Fdf10d%2Fimg%2Favatars%2Fava_0026-512.png",
        "status_text_canonical": "",
        "team": "T086YJE6ZC6"
      },
      "is_bot": true,
      "is_app_user": false,
      "updated": 1735910317
    },
    {
      "id": "U0877NCL5V2",
      "team_id": "T086YJE6ZC6",
      "name": "krajendraprasad04",
      "deleted": false,
      "color": "a2a5dc",
      "real_name": "K Rajendra",
      "tz": "Asia/Kolkata",
      "tz_label": "India Standard Time",
      "tz_offset": 19800,
      "profile": {
        "title": "",
        "phone": "",
        "skype": "",
        "real_name": "K Rajendra",
        "real_name_normalized": "K Rajendra",
        "display_name": "",
        "display_name_normalized": "",
        "fields": null,
        "status_text": "",
        "status_emoji": "",
        "status_emoji_display_info": [],
        "status_expiration": 0,
        "avatar_hash": "gf88dfc0725d",
        "first_name": "K",
        "last_name": "Rajendra",
        "image_24": "https://secure.gravatar.com/avatar/f88dfc0725d471fd26ef1e58344dbda9.jpg?s=24&d=https%3A%2F%2Fa.slack-edge.com%2Fdf10d%2Fimg%2Favatars%2Fava_0026-24.png",
        "image_32": "https://secure.gravatar.com/avatar/f88dfc0725d471fd26ef1e58344dbda9.jpg?s=32&d=https%3A%2F%2Fa.slack-edge.com%2Fdf10d%2Fimg%2Favatars%2Fava_0026-32.png",
        "image_48": "https://secure.gravatar.com/avatar/f88dfc0725d471fd26ef1e58344dbda9.jpg?s=48&d=https%3A%2F%2Fa.slack-edge.com%2Fdf10d%2Fimg%2Favatars%2Fava_0026-48.png",
        "image_72": "https://secure.gravatar.com/avatar/f88dfc0725d471fd26ef1e58344dbda9.jpg?s=72&d=https%3A%2F%2Fa.slack-edge.com%2Fdf10d%2Fimg%2Favatars%2Fava_0026-72.png",
        "image_192": "https://secure.gravatar.com/avatar/f88dfc0725d471fd26ef1e58344dbda9.jpg?s=192&d=https%3A%2F%2Fa.slack-edge.com%2Fdf10d%2Fimg%2Favatars%2Fava_0026-192.png",
        "image_512": "https://secure.gravatar.com/avatar/f88dfc0725d471fd26ef1e58344dbda9.jpg?s=512&d=https%3A%2F%2Fa.slack-edge.com%2Fdf10d%2Fimg%2Favatars%2Fava_0026-512.png",
        "status_text_canonical": "",
        "team": "T086YJE6ZC6"
      },
      "is_admin": true,
      "is_owner": true,
      "is_primary_owner": true,
      "is_restricted": false,
      "is_ultra_restricted": false,
      "is_bot": false,
      "is_app_user": false,
      "updated": 1735883085,
      "is_email_confirmed": true,
      "who_can_share_contact_card": "EVERYONE"
    },
    {
      "id": "U087CL9JVH9",
      "team_id": "T086YJE6ZC6",
      "name": "powerful_app-x",
      "deleted": true,
      "profile": {
        "title": "",
        "phone": "",
        "skype": "",
        "real_name": "Powerful app",
        "real_name_normalized": "Powerful app",
        "display_name": "",
        "display_name_normalized": "",
        "fields": null,
        "status_text": "",
        "status_emoji": "",
        "status_emoji_display_info": [],
        "status_expiration": 0,
        "avatar_hash": "g3547e607d24",
        "api_app_id": "A08764B8W4E",
        "always_active": true,
        "bot_id": "B0879TNEL6R",
        "first_name": "Powerful",
        "last_name": "app",
        "image_24": "https://secure.gravatar.com/avatar/3547e607d242c4964010c49e101903fe.jpg?s=24&d=https%3A%2F%2Fa.slack-edge.com%2Fdf10d%2Fimg%2Favatars%2Fava_0013-24.png",
        "image_32": "https://secure.gravatar.com/avatar/3547e607d242c4964010c49e101903fe.jpg?s=32&d=https%3A%2F%2Fa.slack-edge.com%2Fdf10d%2Fimg%2Favatars%2Fava_0013-32.png",
        "image_48": "https://secure.gravatar.com/avatar/3547e607d242c4964010c49e101903fe.jpg?s=48&d=https%3A%2F%2Fa.slack-edge.com%2Fdf10d%2Fimg%2Favatars%2Fava_0013-48.png",
        "image_72": "https://secure.gravatar.com/avatar/3547e607d242c4964010c49e101903fe.jpg?s=72&d=https%3A%2F%2Fa.slack-edge.com%2Fdf10d%2Fimg%2Favatars%2Fava_0013-72.png",
        "image_192": "https://secure.gravatar.com/avatar/3547e607d242c4964010c49e101903fe.jpg?s=192&d=https%3A%2F%2Fa.slack-edge.com%2Fdf10d%2Fimg%2Favatars%2Fava_0013-192.png",
        "image_512": "https://secure.gravatar.com/avatar/3547e607d242c4964010c49e101903fe.jpg?s=512&d=https%3A%2F%2Fa.slack-edge.com%2Fdf10d%2Fimg%2Favatars%2Fava_0013-512.png",
        "status_text_canonical": "",
        "team": "T086YJE6ZC6"
      },
      "is_bot": true,
      "is_app_user": false,
      "updated": 1737117242
    },
    {
      "id": "U087HUC62JV",
      "team_id": "T086YJE6ZC6",
      "name": "rammurthyr",
      "deleted": false,
      "color": "df3dc0",
      "real_name": "rammurthyr",
      "tz": "Asia/Kolkata",
      "tz_label": "India Standard Time",
      "tz_offset": 19800,
      "profile": {
        "title": "",
        "phone": "",
        "skype": "",
        "real_name": "rammurthyr",
        "real_name_normalized": "rammurthyr",
        "display_name": "",
        "display_name_normalized": "",
        "fields": null,
        "status_text": "",
        "status_emoji": "",
        "status_emoji_display_info": [],
        "status_expiration": 0,
        "avatar_hash": "g47fe0d6637f",
        "first_name": "rammurthyr",
        "last_name": "",
        "image_24": "https://secure.gravatar.com/avatar/47fe0d6637f45572b8fb783730f7e923.jpg?s=24&d=https%3A%2F%2Fa.slack-edge.com%2Fdf10d%2Fimg%2Favatars%2Fava_0010-24.png",
        "image_32": "https://secure.gravatar.com/avatar/47fe0d6637f45572b8fb783730f7e923.jpg?s=32&d=https%3A%2F%2Fa.slack-edge.com%2Fdf10d%2Fimg%2Favatars%2Fava_0010-32.png",
        "image_48": "https://secure.gravatar.com/avatar/47fe0d6637f45572b8fb783730f7e923.jpg?s=48&d=https%3A%2F%2Fa.slack-edge.com%2Fdf10d%2Fimg%2Favatars%2Fava_0010-48.png",
        "image_72": "https://secure.gravatar.com/avatar/47fe0d6637f45572b8fb783730f7e923.jpg?s=72&d=https%3A%2F%2Fa.slack-edge.com%2Fdf10d%2Fimg%2Favatars%2Fava_0010-72.png",
        "image_192": "https://secure.gravatar.com/avatar/47fe0d6637f45572b8fb783730f7e923.jpg?s=192&d=https%3A%2F%2Fa.slack-edge.com%2Fdf10d%2Fimg%2Favatars%2Fava_0010-192.png",
        "image_512": "https://secure.gravatar.com/avatar/47fe0d6637f45572b8fb783730f7e923.jpg?s=512&d=https%3A%2F%2Fa.slack-edge.com%2Fdf10d%2Fimg%2Favatars%2Fava_0010-512.png",
        "status_text_canonical": "",
        "team": "T086YJE6ZC6"
      },
      "is_admin": false,
      "is_owner": false,
      "is_primary_owner": false,
      "is_restricted": false,
      "is_ultra_restricted": false,
      "is_bot": false,
      "is_app_user": false,
      "updated": 1735883546,
      "is_email_confirmed": false,
      "who_can_share_contact_card": "EVERYONE",
      "is_invited_user": true
    },
    {
      "id": "U087U2RE9SL",
      "team_id": "T086YJE6ZC6",
      "name": "prasad",
      "deleted": true,
      "profile": {
        "title": "",
        "phone": "",
        "skype": "",
        "real_name": "prasad",
        "real_name_normalized": "prasad",
        "display_name": "",
        "display_name_normalized": "",
        "fields": null,
        "status_text": "",
        "status_emoji": "",
        "status_emoji_display_info": [],
        "status_expiration": 0,
        "avatar_hash": "gd843c28fbea",
        "first_name": "prasad",
        "last_name": "",
        "image_24": "https://secure.gravatar.com/avatar/d843c28fbea386720c1471231495187e.jpg?s=24&d=https%3A%2F%2Fa.slack-edge.com%2Fdf10d%2Fimg%2Favatars%2Fava_0012-24.png",
        "image_32": "https://secure.gravatar.com/avatar/d843c28fbea386720c1471231495187e.jpg?s=32&d=https%3A%2F%2Fa.slack-edge.com%2Fdf10d%2Fimg%2Favatars%2Fava_0012-32.png",
        "image_48": "https://secure.gravatar.com/avatar/d843c28fbea386720c1471231495187e.jpg?s=48&d=https%3A%2F%2Fa.slack-edge.com%2Fdf10d%2Fimg%2Favatars%2Fava_0012-48.png",
        "image_72": "https://secure.gravatar.com/avatar/d843c28fbea386720c1471231495187e.jpg?s=72&d=https%3A%2F%2Fa.slack-edge.com%2Fdf10d%2Fimg%2Favatars%2Fava_0012-72.png",
        "image_192": "https://secure.gravatar.com/avatar/d843c28fbea386720c1471231495187e.jpg?s=192&d=https%3A%2F%2Fa.slack-edge.com%2Fdf10d%2Fimg%2Favatars%2Fava_0012-192.png",
        "image_512": "https://secure.gravatar.com/avatar/d843c28fbea386720c1471231495187e.jpg?s=512&d=https%3A%2F%2Fa.slack-edge.com%2Fdf10d%2Fimg%2Favatars%2Fava_0012-512.png",
        "status_text_canonical": "",
        "team": "T086YJE6ZC6"
      },
      "is_bot": false,
      "is_app_user": false,
      "updated": 1736410049,
      "is_invited_user": true
    },
    {
      "id": "U087VUK3U4W",
      "team_id": "T086YJE6ZC6",
      "name": "powerful_app2",
      "deleted": false,
      "color": "53b759",
      "real_name": "Powerful app",
      "tz": "America/Los_Angeles",
      "tz_label": "Pacific Standard Time",
      "tz_offset": -28800,
      "profile": {
        "title": "",
        "phone": "",
        "skype": "",
        "real_name": "Powerful app",
        "real_name_normalized": "Powerful app",
        "display_name": "",
        "display_name_normalized": "",
        "fields": null,
        "status_text": "",
        "status_emoji": "",
        "status_emoji_display_info": [],
        "status_expiration": 0,
        "avatar_hash": "g47b0cda2008",
        "api_app_id": "A087VUJ8QNS",
        "always_active": true,
        "bot_id": "B088RBXF7G8",
        "first_name": "Powerful",
        "last_name": "app",
        "image_24": "https://secure.gravatar.com/avatar/47b0cda2008f75a25b2f6a94938c0027.jpg?s=24&d=https%3A%2F%2Fa.slack-edge.com%2Fdf10d%2Fimg%2Favatars%2Fava_0026-24.png",
        "image_32": "https://secure.gravatar.com/avatar/47b0cda2008f75a25b2f6a94938c0027.jpg?s=32&d=https%3A%2F%2Fa.slack-edge.com%2Fdf10d%2Fimg%2Favatars%2Fava_0026-32.png",
        "image_48": "https://secure.gravatar.com/avatar/47b0cda2008f75a25b2f6a94938c0027.jpg?s=48&d=https%3A%2F%2Fa.slack-edge.com%2Fdf10d%2Fimg%2Favatars%2Fava_0026-48.png",
        "image_72": "https://secure.gravatar.com/avatar/47b0cda2008f75a25b2f6a94938c0027.jpg?s=72&d=https%3A%2F%2Fa.slack-edge.com%2Fdf10d%2Fimg%2Favatars%2Fava_0026-72.png",
        "image_192": "https://secure.gravatar.com/avatar/47b0cda2008f75a25b2f6a94938c0027.jpg?s=192&d=https%3A%2F%2Fa.slack-edge.com%2Fdf10d%2Fimg%2Favatars%2Fava_0026-192.png",
        "image_512": "https://secure.gravatar.com/avatar/47b0cda2008f75a25b2f6a94938c0027.jpg?s=512&d=https%3A%2F%2Fa.slack-edge.com%2Fdf10d%2Fimg%2Favatars%2Fava_0026-512.png",
        "status_text_canonical": "",
        "team": "T086YJE6ZC6"
      },
      "is_admin": false,
      "is_owner": false,
      "is_primary_owner": false,
      "is_restricted": false,
      "is_ultra_restricted": false,
      "is_bot": true,
      "is_app_user": false,
      "updated": 1736484475,
      "is_email_confirmed": false,
      "who_can_share_contact_card": "EVERYONE"
    },
    {
      "id": "U088Y6Q335M",
      "team_id": "T086YJE6ZC6",
      "name": "varsha",
      "deleted": false,
      "color": "827327",
      "real_name": "varsha",
      "tz": "Asia/Kolkata",
      "tz_label": "India Standard Time",
      "tz_offset": 19800,
      "profile": {
        "title": "",
        "phone": "",
        "skype": "",
        "real_name": "varsha",
        "real_name_normalized": "varsha",
        "display_name": "",
        "display_name_normalized": "",
        "fields": null,
        "status_text": "",
        "status_emoji": "",
        "status_emoji_display_info": [],
        "status_expiration": 0,
        "avatar_hash": "g994f2cf5c83",
        "first_name": "varsha",
        "last_name": "",
        "image_24": "https://secure.gravatar.com/avatar/994f2cf5c8350aad2f1057460d9a00a5.jpg?s=24&d=https%3A%2F%2Fa.slack-edge.com%2Fdf10d%2Fimg%2Favatars%2Fava_0026-24.png",
        "image_32": "https://secure.gravatar.com/avatar/994f2cf5c8350aad2f1057460d9a00a5.jpg?s=32&d=https%3A%2F%2Fa.slack-edge.com%2Fdf10d%2Fimg%2Favatars%2Fava_0026-32.png",
        "image_48": "https://secure.gravatar.com/avatar/994f2cf5c8350aad2f1057460d9a00a5.jpg?s=48&d=https%3A%2F%2Fa.slack-edge.com%2Fdf10d%2Fimg%2Favatars%2Fava_0026-48.png",
        "image_72": "https://secure.gravatar.com/avatar/994f2cf5c8350aad2f1057460d9a00a5.jpg?s=72&d=https%3A%2F%2Fa.slack-edge.com%2Fdf10d%2Fimg%2Favatars%2Fava_0026-72.png",
        "image_192": "https://secure.gravatar.com/avatar/994f2cf5c8350aad2f1057460d9a00a5.jpg?s=192&d=https%3A%2F%2Fa.slack-edge.com%2Fdf10d%2Fimg%2Favatars%2Fava_0026-192.png",
        "image_512": "https://secure.gravatar.com/avatar/994f2cf5c8350aad2f1057460d9a00a5.jpg?s=512&d=https%3A%2F%2Fa.slack-edge.com%2Fdf10d%2Fimg%2Favatars%2Fava_0026-512.png",
        "status_text_canonical": "",
        "team": "T086YJE6ZC6"
      },
      "is_admin": false,
      "is_owner": false,
      "is_primary_owner": false,
      "is_restricted": false,
      "is_ultra_restricted": false,
      "is_bot": false,
      "is_app_user": false,
      "updated": 1737353513,
      "is_email_confirmed": false,
      "who_can_share_contact_card": "EVERYONE",
      "is_invited_user": true
    },
    {
      "id": "U088Y6Q5X1D",
      "team_id": "T086YJE6ZC6",
      "name": "rajendra",
      "deleted": false,
      "color": "5870dd",
      "real_name": "rajendra",
      "tz": "Asia/Kolkata",
      "tz_label": "India Standard Time",
      "tz_offset": 19800,
      "profile": {
        "title": "",
        "phone": "",
        "skype": "",
        "real_name": "rajendra",
        "real_name_normalized": "rajendra",
        "display_name": "",
        "display_name_normalized": "",
        "fields": null,
        "status_text": "",
        "status_emoji": "",
        "status_emoji_display_info": [],
        "status_expiration": 0,
        "avatar_hash": "g97240241c02",
        "first_name": "rajendra",
        "last_name": "",
        "image_24": "https://secure.gravatar.com/avatar/97240241c02bad90927c6b2211ff0d79.jpg?s=24&d=https%3A%2F%2Fa.slack-edge.com%2Fdf10d%2Fimg%2Favatars%2Fava_0005-24.png",
        "image_32": "https://secure.gravatar.com/avatar/97240241c02bad90927c6b2211ff0d79.jpg?s=32&d=https%3A%2F%2Fa.slack-edge.com%2Fdf10d%2Fimg%2Favatars%2Fava_0005-32.png",
        "image_48": "https://secure.gravatar.com/avatar/97240241c02bad90927c6b2211ff0d79.jpg?s=48&d=https%3A%2F%2Fa.slack-edge.com%2Fdf10d%2Fimg%2Favatars%2Fava_0005-48.png",
        "image_72": "https://secure.gravatar.com/avatar/97240241c02bad90927c6b2211ff0d79.jpg?s=72&d=https%3A%2F%2Fa.slack-edge.com%2Fdf10d%2Fimg%2Favatars%2Fava_0005-72.png",
        "image_192": "https://secure.gravatar.com/avatar/97240241c02bad90927c6b2211ff0d79.jpg?s=192&d=https%3A%2F%2Fa.slack-edge.com%2Fdf10d%2Fimg%2Favatars%2Fava_0005-192.png",
        "image_512": "https://secure.gravatar.com/avatar/97240241c02bad90927c6b2211ff0d79.jpg?s=512&d=https%3A%2F%2Fa.slack-edge.com%2Fdf10d%2Fimg%2Favatars%2Fava_0005-512.png",
        "status_text_canonical": "",
        "team": "T086YJE6ZC6"
      },
      "is_admin": false,
      "is_owner": false,
      "is_primary_owner": false,
      "is_restricted": false,
      "is_ultra_restricted": false,
      "is_bot": false,
      "is_app_user": false,
      "updated": 1737353515,
      "is_email_confirmed": false,
      "who_can_share_contact_card": "EVERYONE",
      "is_invited_user": true
    },
    {
      "id": "U088Z2R0GG7",
      "team_id": "T086YJE6ZC6",
      "name": "krajendraprasad553",
      "deleted": false,
      "color": "e85d72",
      "real_name": "prasad",
      "tz": "Asia/Kolkata",
      "tz_label": "India Standard Time",
      "tz_offset": 19800,
      "profile": {
        "title": "",
        "phone": "",
        "skype": "",
        "real_name": "prasad",
        "real_name_normalized": "prasad",
        "display_name": "",
        "display_name_normalized": "",
        "fields": null,
        "status_text": "",
        "status_emoji": "",
        "status_emoji_display_info": [],
        "status_expiration": 0,
        "avatar_hash": "g53f3b6af47f",
        "first_name": "prasad",
        "last_name": "",
        "image_24": "https://secure.gravatar.com/avatar/53f3b6af47fa34270b9711f8ff460f52.jpg?s=24&d=https%3A%2F%2Fa.slack-edge.com%2Fdf10d%2Fimg%2Favatars%2Fava_0000-24.png",
        "image_32": "https://secure.gravatar.com/avatar/53f3b6af47fa34270b9711f8ff460f52.jpg?s=32&d=https%3A%2F%2Fa.slack-edge.com%2Fdf10d%2Fimg%2Favatars%2Fava_0000-32.png",
        "image_48": "https://secure.gravatar.com/avatar/53f3b6af47fa34270b9711f8ff460f52.jpg?s=48&d=https%3A%2F%2Fa.slack-edge.com%2Fdf10d%2Fimg%2Favatars%2Fava_0000-48.png",
        "image_72": "https://secure.gravatar.com/avatar/53f3b6af47fa34270b9711f8ff460f52.jpg?s=72&d=https%3A%2F%2Fa.slack-edge.com%2Fdf10d%2Fimg%2Favatars%2Fava_0000-72.png",
        "image_192": "https://secure.gravatar.com/avatar/53f3b6af47fa34270b9711f8ff460f52.jpg?s=192&d=https%3A%2F%2Fa.slack-edge.com%2Fdf10d%2Fimg%2Favatars%2Fava_0000-192.png",
        "image_512": "https://secure.gravatar.com/avatar/53f3b6af47fa34270b9711f8ff460f52.jpg?s=512&d=https%3A%2F%2Fa.slack-edge.com%2Fdf10d%2Fimg%2Favatars%2Fava_0000-512.png",
        "status_text_canonical": "",
        "team": "T086YJE6ZC6"
      },
      "is_admin": false,
      "is_owner": false,
      "is_primary_owner": false,
      "is_restricted": false,
      "is_ultra_restricted": false,
      "is_bot": false,
      "is_app_user": false,
      "updated": 1737366139,
      "is_email_confirmed": true,
      "who_can_share_contact_card": "EVERYONE"
    },
    {
      "id": "U0892P238G1",
      "team_id": "T086YJE6ZC6",
      "name": "powerful_app3",
      "deleted": false,
      "color": "619a4f",
      "real_name": "Powerful app",
      "tz": "America/Los_Angeles",
      "tz_label": "Pacific Standard Time",
      "tz_offset": -28800,
      "profile": {
        "title": "",
        "phone": "",
        "skype": "",
        "real_name": "Powerful app",
        "real_name_normalized": "Powerful app",
        "display_name": "",
        "display_name_normalized": "",
        "fields": null,
        "status_text": "",
        "status_emoji": "",
        "status_emoji_display_info": [],
        "status_expiration": 0,
        "avatar_hash": "g4ee95ddc5fe",
        "api_app_id": "A0892P1CJLR",
        "always_active": true,
        "bot_id": "B088Q2GR0CS",
        "first_name": "Powerful",
        "last_name": "app",
        "image_24": "https://secure.gravatar.com/avatar/4ee95ddc5fe239b806ba4272e08a9c25.jpg?s=24&d=https%3A%2F%2Fa.slack-edge.com%2Fdf10d%2Fimg%2Favatars%2Fava_0007-24.png",
        "image_32": "https://secure.gravatar.com/avatar/4ee95ddc5fe239b806ba4272e08a9c25.jpg?s=32&d=https%3A%2F%2Fa.slack-edge.com%2Fdf10d%2Fimg%2Favatars%2Fava_0007-32.png",
        "image_48": "https://secure.gravatar.com/avatar/4ee95ddc5fe239b806ba4272e08a9c25.jpg?s=48&d=https%3A%2F%2Fa.slack-edge.com%2Fdf10d%2Fimg%2Favatars%2Fava_0007-48.png",
        "image_72": "https://secure.gravatar.com/avatar/4ee95ddc5fe239b806ba4272e08a9c25.jpg?s=72&d=https%3A%2F%2Fa.slack-edge.com%2Fdf10d%2Fimg%2Favatars%2Fava_0007-72.png",
        "image_192": "https://secure.gravatar.com/avatar/4ee95ddc5fe239b806ba4272e08a9c25.jpg?s=192&d=https%3A%2F%2Fa.slack-edge.com%2Fdf10d%2Fimg%2Favatars%2Fava_0007-192.png",
        "image_512": "https://secure.gravatar.com/avatar/4ee95ddc5fe239b806ba4272e08a9c25.jpg?s=512&d=https%3A%2F%2Fa.slack-edge.com%2Fdf10d%2Fimg%2Favatars%2Fava_0007-512.png",
        "status_text_canonical": "",
        "team": "T086YJE6ZC6"
      },
      "is_admin": false,
      "is_owner": false,
      "is_primary_owner": false,
      "is_restricted": false,
      "is_ultra_restricted": false,
      "is_bot": true,
      "is_app_user": false,
      "updated": 1736919206,
      "is_email_confirmed": false,
      "who_can_share_contact_card": "EVERYONE"
    },
    {
      "id": "U0894HPS37V",
      "team_id": "T086YJE6ZC6",
      "name": "powerful_app",
      "deleted": false,
      "color": "684b6c",
      "real_name": "Powerful app",
      "tz": "America/Los_Angeles",
      "tz_label": "Pacific Standard Time",
      "tz_offset": -28800,
      "profile": {
        "title": "",
        "phone": "",
        "skype": "",
        "real_name": "Powerful app",
        "real_name_normalized": "Powerful app",
        "display_name": "",
        "display_name_normalized": "",
        "fields": null,
        "status_text": "",
        "status_emoji": "",
        "status_emoji_display_info": [],
        "status_expiration": 0,
        "avatar_hash": "gd9868f9e748",
        "api_app_id": "A088Q4LNC95",
        "always_active": true,
        "bot_id": "B088Y2514R4",
        "first_name": "Powerful",
        "last_name": "app",
        "image_24": "https://secure.gravatar.com/avatar/d9868f9e748b8132523eebf460f3804b.jpg?s=24&d=https%3A%2F%2Fa.slack-edge.com%2Fdf10d%2Fimg%2Favatars%2Fava_0020-24.png",
        "image_32": "https://secure.gravatar.com/avatar/d9868f9e748b8132523eebf460f3804b.jpg?s=32&d=https%3A%2F%2Fa.slack-edge.com%2Fdf10d%2Fimg%2Favatars%2Fava_0020-32.png",
        "image_48": "https://secure.gravatar.com/avatar/d9868f9e748b8132523eebf460f3804b.jpg?s=48&d=https%3A%2F%2Fa.slack-edge.com%2Fdf10d%2Fimg%2Favatars%2Fava_0020-48.png",
        "image_72": "https://secure.gravatar.com/avatar/d9868f9e748b8132523eebf460f3804b.jpg?s=72&d=https%3A%2F%2Fa.slack-edge.com%2Fdf10d%2Fimg%2Favatars%2Fava_0020-72.png",
        "image_192": "https://secure.gravatar.com/avatar/d9868f9e748b8132523eebf460f3804b.jpg?s=192&d=https%3A%2F%2Fa.slack-edge.com%2Fdf10d%2Fimg%2Favatars%2Fava_0020-192.png",
        "image_512": "https://secure.gravatar.com/avatar/d9868f9e748b8132523eebf460f3804b.jpg?s=512&d=https%3A%2F%2Fa.slack-edge.com%2Fdf10d%2Fimg%2Favatars%2Fava_0020-512.png",
        "status_text_canonical": "",
        "team": "T086YJE6ZC6"
      },
      "is_admin": false,
      "is_owner": false,
      "is_primary_owner": false,
      "is_restricted": false,
      "is_ultra_restricted": false,
      "is_bot": true,
      "is_app_user": false,
      "updated": 1737117242,
      "is_email_confirmed": false,
      "who_can_share_contact_card": "EVERYONE"
    },
    {
      "id": "U08962F3TTQ",
      "team_id": "T086YJE6ZC6",
      "name": "powerful_app4",
      "deleted": false,
      "color": "b14cbc",
      "real_name": "Powerful app",
      "tz": "America/Los_Angeles",
      "tz_label": "Pacific Standard Time",
      "tz_offset": -28800,
      "profile": {
        "title": "",
        "phone": "",
        "skype": "",
        "real_name": "Powerful app",
        "real_name_normalized": "Powerful app",
        "display_name": "",
        "display_name_normalized": "",
        "fields": null,
        "status_text": "",
        "status_emoji": "",
        "status_emoji_display_info": [],
        "status_expiration": 0,
        "avatar_hash": "g94e1f2f35ca",
        "api_app_id": "A089CHYG41H",
        "always_active": true,
        "bot_id": "B089CLFCWHG",
        "first_name": "Powerful",
        "last_name": "app",
        "image_24": "https://secure.gravatar.com/avatar/94e1f2f35cac554999e011d9745f788b.jpg?s=24&d=https%3A%2F%2Fa.slack-edge.com%2Fdf10d%2Fimg%2Favatars%2Fava_0018-24.png",
        "image_32": "https://secure.gravatar.com/avatar/94e1f2f35cac554999e011d9745f788b.jpg?s=32&d=https%3A%2F%2Fa.slack-edge.com%2Fdf10d%2Fimg%2Favatars%2Fava_0018-32.png",
        "image_48": "https://secure.gravatar.com/avatar/94e1f2f35cac554999e011d9745f788b.jpg?s=48&d=https%3A%2F%2Fa.slack-edge.com%2Fdf10d%2Fimg%2Favatars%2Fava_0018-48.png",
        "image_72": "https://secure.gravatar.com/avatar/94e1f2f35cac554999e011d9745f788b.jpg?s=72&d=https%3A%2F%2Fa.slack-edge.com%2Fdf10d%2Fimg%2Favatars%2Fava_0018-72.png",
        "image_192": "https://secure.gravatar.com/avatar/94e1f2f35cac554999e011d9745f788b.jpg?s=192&d=https%3A%2F%2Fa.slack-edge.com%2Fdf10d%2Fimg%2Favatars%2Fava_0018-192.png",
        "image_512": "https://secure.gravatar.com/avatar/94e1f2f35cac554999e011d9745f788b.jpg?s=512&d=https%3A%2F%2Fa.slack-edge.com%2Fdf10d%2Fimg%2Favatars%2Fava_0018-512.png",
        "status_text_canonical": "",
        "team": "T086YJE6ZC6"
      },
      "is_admin": false,
      "is_owner": false,
      "is_primary_owner": false,
      "is_restricted": false,
      "is_ultra_restricted": false,
      "is_bot": true,
      "is_app_user": false,
      "updated": 1737352424,
      "is_email_confirmed": false,
      "who_can_share_contact_card": "EVERYONE"
    },
    {
      "id": "U089647GC4E",
      "team_id": "T086YJE6ZC6",
      "name": "shilpa",
      "deleted": false,
      "color": "e85d72",
      "real_name": "shilpa",
      "tz": "Asia/Kolkata",
      "tz_label": "India Standard Time",
      "tz_offset": 19800,
      "profile": {
        "title": "",
        "phone": "",
        "skype": "",
        "real_name": "shilpa",
        "real_name_normalized": "shilpa",
        "display_name": "",
        "display_name_normalized": "",
        "fields": null,
        "status_text": "",
        "status_emoji": "",
        "status_emoji_display_info": [],
        "status_expiration": 0,
        "avatar_hash": "ge9a237ab205",
        "first_name": "shilpa",
        "last_name": "",
        "image_24": "https://secure.gravatar.com/avatar/e9a237ab205e342b52e13aabee664247.jpg?s=24&d=https%3A%2F%2Fa.slack-edge.com%2Fdf10d%2Fimg%2Favatars%2Fava_0004-24.png",
        "image_32": "https://secure.gravatar.com/avatar/e9a237ab205e342b52e13aabee664247.jpg?s=32&d=https%3A%2F%2Fa.slack-edge.com%2Fdf10d%2Fimg%2Favatars%2Fava_0004-32.png",
        "image_48": "https://secure.gravatar.com/avatar/e9a237ab205e342b52e13aabee664247.jpg?s=48&d=https%3A%2F%2Fa.slack-edge.com%2Fdf10d%2Fimg%2Favatars%2Fava_0004-48.png",
        "image_72": "https://secure.gravatar.com/avatar/e9a237ab205e342b52e13aabee664247.jpg?s=72&d=https%3A%2F%2Fa.slack-edge.com%2Fdf10d%2Fimg%2Favatars%2Fava_0004-72.png",
        "image_192": "https://secure.gravatar.com/avatar/e9a237ab205e342b52e13aabee664247.jpg?s=192&d=https%3A%2F%2Fa.slack-edge.com%2Fdf10d%2Fimg%2Favatars%2Fava_0004-192.png",
        "image_512": "https://secure.gravatar.com/avatar/e9a237ab205e342b52e13aabee664247.jpg?s=512&d=https%3A%2F%2Fa.slack-edge.com%2Fdf10d%2Fimg%2Favatars%2Fava_0004-512.png",
        "status_text_canonical": "",
        "team": "T086YJE6ZC6"
      },
      "is_admin": false,
      "is_owner": false,
      "is_primary_owner": false,
      "is_restricted": false,
      "is_ultra_restricted": false,
      "is_bot": false,
      "is_app_user": false,
      "updated": 1737353510,
      "is_email_confirmed": false,
      "who_can_share_contact_card": "EVERYONE",
      "is_invited_user": true
    },
    {
      "id": "U08A1GXGUBS",
      "team_id": "T086YJE6ZC6",
      "name": "sarfaraz",
      "deleted": false,
      "color": "bd9336",
      "real_name": "sarfaraz",
      "tz": "Asia/Kolkata",
      "tz_label": "India Standard Time",
      "tz_offset": 19800,
      "profile": {
        "title": "",
        "phone": "",
        "skype": "",
        "real_name": "sarfaraz",
        "real_name_normalized": "sarfaraz",
        "display_name": "",
        "display_name_normalized": "",
        "fields": null,
        "status_text": "",
        "status_emoji": "",
        "status_emoji_display_info": [],
        "status_expiration": 0,
        "avatar_hash": "gaa456b298dd",
        "first_name": "sarfaraz",
        "last_name": "",
        "image_24": "https://secure.gravatar.com/avatar/aa456b298dd038ec7ca41117711dcdaf.jpg?s=24&d=https%3A%2F%2Fa.slack-edge.com%2Fdf10d%2Fimg%2Favatars%2Fava_0000-24.png",
        "image_32": "https://secure.gravatar.com/avatar/aa456b298dd038ec7ca41117711dcdaf.jpg?s=32&d=https%3A%2F%2Fa.slack-edge.com%2Fdf10d%2Fimg%2Favatars%2Fava_0000-32.png",
        "image_48": "https://secure.gravatar.com/avatar/aa456b298dd038ec7ca41117711dcdaf.jpg?s=48&d=https%3A%2F%2Fa.slack-edge.com%2Fdf10d%2Fimg%2Favatars%2Fava_0000-48.png",
        "image_72": "https://secure.gravatar.com/avatar/aa456b298dd038ec7ca41117711dcdaf.jpg?s=72&d=https%3A%2F%2Fa.slack-edge.com%2Fdf10d%2Fimg%2Favatars%2Fava_0000-72.png",
        "image_192": "https://secure.gravatar.com/avatar/aa456b298dd038ec7ca41117711dcdaf.jpg?s=192&d=https%3A%2F%2Fa.slack-edge.com%2Fdf10d%2Fimg%2Favatars%2Fava_0000-192.png",
        "image_512": "https://secure.gravatar.com/avatar/aa456b298dd038ec7ca41117711dcdaf.jpg?s=512&d=https%3A%2F%2Fa.slack-edge.com%2Fdf10d%2Fimg%2Favatars%2Fava_0000-512.png",
        "status_text_canonical": "",
        "team": "T086YJE6ZC6"
      },
      "is_admin": false,
      "is_owner": false,
      "is_primary_owner": false,
      "is_restricted": false,
      "is_ultra_restricted": false,
      "is_bot": false,
      "is_app_user": false,
      "updated": 1737353517,
      "is_email_confirmed": false,
      "who_can_share_contact_card": "EVERYONE",
      "is_invited_user": true
    },
    {
      "id": "U08A1H2CG0Y",
      "team_id": "T086YJE6ZC6",
      "name": "shiva",
      "deleted": false,
      "color": "84b22f",
      "real_name": "shiva",
      "tz": "Asia/Kolkata",
      "tz_label": "India Standard Time",
      "tz_offset": 19800,
      "profile": {
        "title": "",
        "phone": "",
        "skype": "",
        "real_name": "shiva",
        "real_name_normalized": "shiva",
        "display_name": "",
        "display_name_normalized": "",
        "fields": null,
        "status_text": "",
        "status_emoji": "",
        "status_emoji_display_info": [],
        "status_expiration": 0,
        "avatar_hash": "g21f492aedad",
        "first_name": "shiva",
        "last_name": "",
        "image_24": "https://secure.gravatar.com/avatar/21f492aedad3d1bd65221d3317c2a823.jpg?s=24&d=https%3A%2F%2Fa.slack-edge.com%2Fdf10d%2Fimg%2Favatars%2Fava_0024-24.png",
        "image_32": "https://secure.gravatar.com/avatar/21f492aedad3d1bd65221d3317c2a823.jpg?s=32&d=https%3A%2F%2Fa.slack-edge.com%2Fdf10d%2Fimg%2Favatars%2Fava_0024-32.png",
        "image_48": "https://secure.gravatar.com/avatar/21f492aedad3d1bd65221d3317c2a823.jpg?s=48&d=https%3A%2F%2Fa.slack-edge.com%2Fdf10d%2Fimg%2Favatars%2Fava_0024-48.png",
        "image_72": "https://secure.gravatar.com/avatar/21f492aedad3d1bd65221d3317c2a823.jpg?s=72&d=https%3A%2F%2Fa.slack-edge.com%2Fdf10d%2Fimg%2Favatars%2Fava_0024-72.png",
        "image_192": "https://secure.gravatar.com/avatar/21f492aedad3d1bd65221d3317c2a823.jpg?s=192&d=https%3A%2F%2Fa.slack-edge.com%2Fdf10d%2Fimg%2Favatars%2Fava_0024-192.png",
        "image_512": "https://secure.gravatar.com/avatar/21f492aedad3d1bd65221d3317c2a823.jpg?s=512&d=https%3A%2F%2Fa.slack-edge.com%2Fdf10d%2Fimg%2Favatars%2Fava_0024-512.png",
        "status_text_canonical": "",
        "team": "T086YJE6ZC6"
      },
      "is_admin": false,
      "is_owner": false,
      "is_primary_owner": false,
      "is_restricted": false,
      "is_ultra_restricted": false,
      "is_bot": false,
      "is_app_user": false,
      "updated": 1737353611,
      "is_email_confirmed": false,
      "who_can_share_contact_card": "EVERYONE",
      "is_invited_user": true
    },
    {
      "id": "U08A1H4NLBA",
      "team_id": "T086YJE6ZC6",
      "name": "shiv",
      "deleted": false,
      "color": "9b3b45",
      "real_name": "shiv",
      "tz": "Asia/Kolkata",
      "tz_label": "India Standard Time",
      "tz_offset": 19800,
      "profile": {
        "title": "",
        "phone": "",
        "skype": "",
        "real_name": "shiv",
        "real_name_normalized": "shiv",
        "display_name": "",
        "display_name_normalized": "",
        "fields": null,
        "status_text": "",
        "status_emoji": "",
        "status_emoji_display_info": [],
        "status_expiration": 0,
        "avatar_hash": "gf03768663ac",
        "first_name": "shiv",
        "last_name": "",
        "image_24": "https://secure.gravatar.com/avatar/f03768663ac159019471affbcc881241.jpg?s=24&d=https%3A%2F%2Fa.slack-edge.com%2Fdf10d%2Fimg%2Favatars%2Fava_0018-24.png",
        "image_32": "https://secure.gravatar.com/avatar/f03768663ac159019471affbcc881241.jpg?s=32&d=https%3A%2F%2Fa.slack-edge.com%2Fdf10d%2Fimg%2Favatars%2Fava_0018-32.png",
        "image_48": "https://secure.gravatar.com/avatar/f03768663ac159019471affbcc881241.jpg?s=48&d=https%3A%2F%2Fa.slack-edge.com%2Fdf10d%2Fimg%2Favatars%2Fava_0018-48.png",
        "image_72": "https://secure.gravatar.com/avatar/f03768663ac159019471affbcc881241.jpg?s=72&d=https%3A%2F%2Fa.slack-edge.com%2Fdf10d%2Fimg%2Favatars%2Fava_0018-72.png",
        "image_192": "https://secure.gravatar.com/avatar/f03768663ac159019471affbcc881241.jpg?s=192&d=https%3A%2F%2Fa.slack-edge.com%2Fdf10d%2Fimg%2Favatars%2Fava_0018-192.png",
        "image_512": "https://secure.gravatar.com/avatar/f03768663ac159019471affbcc881241.jpg?s=512&d=https%3A%2F%2Fa.slack-edge.com%2Fdf10d%2Fimg%2Favatars%2Fava_0018-512.png",
        "status_text_canonical": "",
        "team": "T086YJE6ZC6"
      },
      "is_admin": false,
      "is_owner": false,
      "is_primary_owner": false,
      "is_restricted": false,
      "is_ultra_restricted": false,
      "is_bot": false,
      "is_app_user": false,
      "updated": 1737353658,
      "is_email_confirmed": false,
      "who_can_share_contact_card": "EVERYONE",
      "is_invited_user": true
    }
  ],
  "cache_ts": 1737373895,
  "response_metadata": {
    "next_cursor": ""
  }
}
2025-01-20 17:21:36,622 - INFO - files List: {
  "ok": true,
  "files": [
    {
      "id": "F08754KUN5R",
      "created": 1735882664,
      "timestamp": 1735882664,
      "name": "____________",
      "title": ":tada::heartpulse::stuck_out_tongue_winking_eye:",
      "mimetype": "application/vnd.slack-docs",
      "filetype": "quip",
      "pretty_type": "Canvas",
      "user": "USLACKBOT",
      "user_team": "T086YJE6ZC6",
      "editable": true,
      "size": 1696,
      "mode": "quip",
      "is_external": false,
      "external_type": "",
      "is_public": true,
      "public_url_shared": false,
      "display_as_bot": false,
      "username": "",
      "url_private": "https://files.slack.com/files-pri/T086YJE6ZC6-F08754KUN5R/canvas",
      "url_private_download": "https://files.slack.com/files-pri/T086YJE6ZC6-F08754KUN5R/download/canvas",
      "permalink": "https://rajtechhq.slack.com/canvas/C086YJE7QMC",
      "url_static_preview": "https://rajtechhq.slack.com/canvas/C086YJE7QMC/mobile",
      "quip_thread_id": "Tdd9AAbxaNI",
      "updated": 1735889943,
      "update_notification": 1735882665,
      "is_channel_space": true,
      "linked_channel_id": "C086YJE7QMC",
      "channels": [
        "C086YJE7QMC"
      ],
      "groups": [],
      "ims": [],
      "teams_shared_with": [],
      "is_restricted_sharing_enabled": false,
      "access": "read",
      "comments_count": 0,
      "title_blocks": [
        {
          "type": "rich_text",
          "block_id": "9dJ",
          "elements": [
            {
              "type": "rich_text_section",
              "elements": [
                {
                  "type": "emoji",
                  "name": "tada",
                  "unicode": "1f389"
                },
                {
                  "type": "emoji",
                  "name": "heartpulse",
                  "unicode": "1f497"
                },
                {
                  "type": "emoji",
                  "name": "stuck_out_tongue_winking_eye",
                  "unicode": "1f61c"
                }
              ]
            }
          ]
        }
      ],
      "editors": [],
      "show_badge": false
    },
    {
      "id": "F0877NCN3EG",
      "created": 1735882664,
      "timestamp": 1735882664,
      "name": "Employee_onboarding",
      "title": "Employee onboarding",
      "mimetype": "application/vnd.slack-docs",
      "filetype": "quip",
      "pretty_type": "Canvas",
      "user": "USLACKBOT",
      "user_team": "T086YJE6ZC6",
      "editable": true,
      "size": 1360,
      "mode": "quip",
      "is_external": false,
      "external_type": "",
      "is_public": false,
      "public_url_shared": false,
      "display_as_bot": false,
      "username": "",
      "url_private": "https://files.slack.com/files-pri/T086YJE6ZC6-F0877NCN3EG/canvas",
      "url_private_download": "https://files.slack.com/files-pri/T086YJE6ZC6-F0877NCN3EG/download/canvas",
      "permalink": "https://rajtechhq.slack.com/docs/T086YJE6ZC6/F0877NCN3EG",
      "url_static_preview": "https://rajtechhq.slack.com/docs/T086YJE6ZC6/F0877NCN3EG/mobile",
      "quip_thread_id": "IHY9AAso0t2",
      "updated": 1735889942,
      "update_notification": null,
      "channels": [],
      "groups": [],
      "ims": [],
      "teams_shared_with": [],
      "is_restricted_sharing_enabled": false,
      "access": "read",
      "comments_count": 0,
      "title_blocks": [
        {
          "type": "rich_text",
          "block_id": "N3O",
          "elements": [
            {
              "type": "rich_text_section",
              "elements": [
                {
                  "type": "text",
                  "text": "Employee onboarding"
                }
              ]
            }
          ]
        }
      ],
      "editors": [],
      "show_badge": false,
      "canvas_template_mode": "published",
      "template_conversion_ts": 1735882675
    },
    {
      "id": "F08754KUMT5",
      "created": 1735882664,
      "timestamp": 1735882664,
      "name": "Company_handbook",
      "title": "Company handbook",
      "mimetype": "application/vnd.slack-docs",
      "filetype": "quip",
      "pretty_type": "Canvas",
      "user": "USLACKBOT",
      "user_team": "T086YJE6ZC6",
      "editable": true,
      "size": 1415,
      "mode": "quip",
      "is_external": false,
      "external_type": "",
      "is_public": true,
      "public_url_shared": false,
      "display_as_bot": false,
      "username": "",
      "url_private": "https://files.slack.com/files-pri/T086YJE6ZC6-F08754KUMT5/canvas",
      "url_private_download": "https://files.slack.com/files-pri/T086YJE6ZC6-F08754KUMT5/download/canvas",
      "permalink": "https://rajtechhq.slack.com/canvas/C087U1SHTDE",
      "url_static_preview": "https://rajtechhq.slack.com/canvas/C087U1SHTDE/mobile",
      "quip_thread_id": "HVW9AAgZVhl",
      "updated": 1735889939,
      "update_notification": 1735882665,
      "is_channel_space": true,
      "linked_channel_id": "C087U1SHTDE",
      "channels": [
        "C087U1SHTDE"
      ],
      "groups": [],
      "ims": [],
      "teams_shared_with": [],
      "is_restricted_sharing_enabled": false,
      "access": "read",
      "comments_count": 0,
      "title_blocks": [
        {
          "type": "rich_text",
          "block_id": "Hj7/",
          "elements": [
            {
              "type": "rich_text_section",
              "elements": [
                {
                  "type": "text",
                  "text": "Company handbook"
                }
              ]
            }
          ]
        }
      ],
      "editors": [],
      "show_badge": false
    },
    {
      "id": "F086QM34TL7",
      "created": 1735882676,
      "timestamp": 1735882676,
      "name": "Monthly_newsletter",
      "title": "Monthly newsletter",
      "mimetype": "application/vnd.slack-docs",
      "filetype": "quip",
      "pretty_type": "Canvas",
      "user": "USLACKBOT",
      "user_team": "T086YJE6ZC6",
      "editable": true,
      "size": 1764,
      "mode": "quip",
      "is_external": false,
      "external_type": "",
      "is_public": false,
      "public_url_shared": false,
      "display_as_bot": false,
      "username": "",
      "url_private": "https://files.slack.com/files-pri/T086YJE6ZC6-F086QM34TL7/canvas",
      "url_private_download": "https://files.slack.com/files-pri/T086YJE6ZC6-F086QM34TL7/download/canvas",
      "permalink": "https://rajtechhq.slack.com/docs/T086YJE6ZC6/F086QM34TL7",
      "url_static_preview": "https://rajtechhq.slack.com/docs/T086YJE6ZC6/F086QM34TL7/mobile",
      "quip_thread_id": "QZK9AAL7e1l",
      "updated": 1735889943,
      "update_notification": null,
      "channels": [],
      "groups": [],
      "ims": [],
      "teams_shared_with": [],
      "is_restricted_sharing_enabled": false,
      "access": "read",
      "comments_count": 0,
      "title_blocks": [
        {
          "type": "rich_text",
          "block_id": "7Zx+",
          "elements": [
            {
              "type": "rich_text_section",
              "elements": [
                {
                  "type": "text",
                  "text": "Monthly newsletter"
                }
              ]
            }
          ]
        }
      ],
      "editors": [],
      "show_badge": false,
      "canvas_template_mode": "published",
      "template_conversion_ts": 1735882687
    },
    {
      "id": "F086QM3FB39",
      "created": 1735882688,
      "timestamp": 1735882688,
      "name": "Channel_overview",
      "title": "Channel overview",
      "mimetype": "application/vnd.slack-docs",
      "filetype": "quip",
      "pretty_type": "Canvas",
      "user": "USLACKBOT",
      "user_team": "T086YJE6ZC6",
      "editable": true,
      "size": 432,
      "mode": "quip",
      "is_external": false,
      "external_type": "",
      "is_public": false,
      "public_url_shared": false,
      "display_as_bot": false,
      "username": "",
      "url_private": "https://files.slack.com/files-pri/T086YJE6ZC6-F086QM3FB39/canvas",
      "url_private_download": "https://files.slack.com/files-pri/T086YJE6ZC6-F086QM3FB39/download/canvas",
      "permalink": "https://rajtechhq.slack.com/docs/T086YJE6ZC6/F086QM3FB39",
      "url_static_preview": "https://rajtechhq.slack.com/docs/T086YJE6ZC6/F086QM3FB39/mobile",
      "quip_thread_id": "QHR9AA2fQhU",
      "updated": 1735889963,
      "update_notification": null,
      "channels": [],
      "groups": [],
      "ims": [],
      "teams_shared_with": [],
      "is_restricted_sharing_enabled": false,
      "access": "read",
      "comments_count": 0,
      "title_blocks": [
        {
          "type": "rich_text",
          "block_id": "1lPZQ",
          "elements": [
            {
              "type": "rich_text_section",
              "elements": [
                {
                  "type": "text",
                  "text": "Channel overview"
                }
              ]
            }
          ]
        }
      ],
      "editors": [],
      "show_badge": false,
      "canvas_template_mode": "published",
      "template_conversion_ts": 1735882699
    },
    {
      "id": "F0872BZDGP7",
      "created": 1735882699,
      "timestamp": 1735882699,
      "name": "Weekly_sync",
      "title": "Weekly sync",
      "mimetype": "application/vnd.slack-docs",
      "filetype": "quip",
      "pretty_type": "Canvas",
      "user": "USLACKBOT",
      "user_team": "T086YJE6ZC6",
      "editable": true,
      "size": 560,
      "mode": "quip",
      "is_external": false,
      "external_type": "",
      "is_public": false,
      "public_url_shared": false,
      "display_as_bot": false,
      "username": "",
      "url_private": "https://files.slack.com/files-pri/T086YJE6ZC6-F0872BZDGP7/canvas",
      "url_private_download": "https://files.slack.com/files-pri/T086YJE6ZC6-F0872BZDGP7/download/canvas",
      "permalink": "https://rajtechhq.slack.com/docs/T086YJE6ZC6/F0872BZDGP7",
      "url_static_preview": "https://rajtechhq.slack.com/docs/T086YJE6ZC6/F0872BZDGP7/mobile",
      "quip_thread_id": "ZeT9AAsuSZS",
      "updated": 1735889970,
      "update_notification": null,
      "channels": [],
      "groups": [],
      "ims": [],
      "teams_shared_with": [],
      "is_restricted_sharing_enabled": false,
      "access": "read",
      "comments_count": 0,
      "title_blocks": [
        {
          "type": "rich_text",
          "block_id": "gKm",
          "elements": [
            {
              "type": "rich_text_section",
              "elements": [
                {
                  "type": "text",
                  "text": "Weekly sync"
                }
              ]
            }
          ]
        }
      ],
      "editors": [],
      "show_badge": false,
      "canvas_template_mode": "published",
      "template_conversion_ts": 1735882710
    },
    {
      "id": "F08754MCU91",
      "created": 1735882711,
      "timestamp": 1735882711,
      "name": "Product_brief",
      "title": "Product brief",
      "mimetype": "application/vnd.slack-docs",
      "filetype": "quip",
      "pretty_type": "Canvas",
      "user": "USLACKBOT",
      "user_team": "T086YJE6ZC6",
      "editable": true,
      "size": 943,
      "mode": "quip",
      "is_external": false,
      "external_type": "",
      "is_public": false,
      "public_url_shared": false,
      "display_as_bot": false,
      "username": "",
      "url_private": "https://files.slack.com/files-pri/T086YJE6ZC6-F08754MCU91/canvas",
      "url_private_download": "https://files.slack.com/files-pri/T086YJE6ZC6-F08754MCU91/download/canvas",
      "permalink": "https://rajtechhq.slack.com/docs/T086YJE6ZC6/F08754MCU91",
      "url_static_preview": "https://rajtechhq.slack.com/docs/T086YJE6ZC6/F08754MCU91/mobile",
      "quip_thread_id": "KGV9AAoE6aF",
      "updated": 1735889982,
      "update_notification": null,
      "channels": [],
      "groups": [],
      "ims": [],
      "teams_shared_with": [],
      "is_restricted_sharing_enabled": false,
      "access": "read",
      "comments_count": 0,
      "title_blocks": [
        {
          "type": "rich_text",
          "block_id": "LWaV9",
          "elements": [
            {
              "type": "rich_text_section",
              "elements": [
                {
                  "type": "text",
                  "text": "Product brief"
                }
              ]
            }
          ]
        }
      ],
      "editors": [],
      "show_badge": false,
      "canvas_template_mode": "published",
      "template_conversion_ts": 1735882721
    },
    {
      "id": "F086YJG377Y",
      "created": 1735882722,
      "timestamp": 1735882722,
      "name": "Marketing_project_outline",
      "title": "Marketing project outline",
      "mimetype": "application/vnd.slack-docs",
      "filetype": "quip",
      "pretty_type": "Canvas",
      "user": "USLACKBOT",
      "user_team": "T086YJE6ZC6",
      "editable": true,
      "size": 804,
      "mode": "quip",
      "is_external": false,
      "external_type": "",
      "is_public": false,
      "public_url_shared": false,
      "display_as_bot": false,
      "username": "",
      "url_private": "https://files.slack.com/files-pri/T086YJE6ZC6-F086YJG377Y/canvas",
      "url_private_download": "https://files.slack.com/files-pri/T086YJE6ZC6-F086YJG377Y/download/canvas",
      "permalink": "https://rajtechhq.slack.com/docs/T086YJE6ZC6/F086YJG377Y",
      "url_static_preview": "https://rajtechhq.slack.com/docs/T086YJE6ZC6/F086YJG377Y/mobile",
      "quip_thread_id": "fDB9AAQKABc",
      "updated": 1735890001,
      "update_notification": null,
      "channels": [],
      "groups": [],
      "ims": [],
      "teams_shared_with": [],
      "is_restricted_sharing_enabled": false,
      "access": "read",
      "comments_count": 0,
      "title_blocks": [
        {
          "type": "rich_text",
          "block_id": "Zd1T",
          "elements": [
            {
              "type": "rich_text_section",
              "elements": [
                {
                  "type": "text",
                  "text": "Marketing project outline"
                }
              ]
            }
          ]
        }
      ],
      "editors": [],
      "show_badge": false,
      "canvas_template_mode": "published",
      "template_conversion_ts": 1735882732
    },
    {
      "id": "F086QM4TWUF",
      "created": 1735882733,
      "timestamp": 1735882733,
      "name": "Sales_enablement_hub",
      "title": "Sales enablement hub",
      "mimetype": "application/vnd.slack-docs",
      "filetype": "quip",
      "pretty_type": "Canvas",
      "user": "USLACKBOT",
      "user_team": "T086YJE6ZC6",
      "editable": true,
      "size": 936,
      "mode": "quip",
      "is_external": false,
      "external_type": "",
      "is_public": false,
      "public_url_shared": false,
      "display_as_bot": false,
      "username": "",
      "url_private": "https://files.slack.com/files-pri/T086YJE6ZC6-F086QM4TWUF/canvas",
      "url_private_download": "https://files.slack.com/files-pri/T086YJE6ZC6-F086QM4TWUF/download/canvas",
      "permalink": "https://rajtechhq.slack.com/docs/T086YJE6ZC6/F086QM4TWUF",
      "url_static_preview": "https://rajtechhq.slack.com/docs/T086YJE6ZC6/F086QM4TWUF/mobile",
      "quip_thread_id": "fJQ9AAuqbog",
      "updated": 1735890001,
      "update_notification": null,
      "channels": [],
      "groups": [],
      "ims": [],
      "teams_shared_with": [],
      "is_restricted_sharing_enabled": false,
      "access": "read",
      "comments_count": 0,
      "title_blocks": [
        {
          "type": "rich_text",
          "block_id": "qwi7",
          "elements": [
            {
              "type": "rich_text_section",
              "elements": [
                {
                  "type": "text",
                  "text": "Sales enablement hub"
                }
              ]
            }
          ]
        }
      ],
      "editors": [],
      "show_badge": false,
      "canvas_template_mode": "published",
      "template_conversion_ts": 1735882744
    },
    {
      "id": "F087U1V4PB2",
      "created": 1735882744,
      "timestamp": 1735882744,
      "name": "Out-of-office_coverage_plan",
      "title": "Out-of-office coverage plan",
      "mimetype": "application/vnd.slack-docs",
      "filetype": "quip",
      "pretty_type": "Canvas",
      "user": "USLACKBOT",
      "user_team": "T086YJE6ZC6",
      "editable": true,
      "size": 1033,
      "mode": "quip",
      "is_external": false,
      "external_type": "",
      "is_public": false,
      "public_url_shared": false,
      "display_as_bot": false,
      "username": "",
      "url_private": "https://files.slack.com/files-pri/T086YJE6ZC6-F087U1V4PB2/canvas",
      "url_private_download": "https://files.slack.com/files-pri/T086YJE6ZC6-F087U1V4PB2/download/canvas",
      "permalink": "https://rajtechhq.slack.com/docs/T086YJE6ZC6/F087U1V4PB2",
      "url_static_preview": "https://rajtechhq.slack.com/docs/T086YJE6ZC6/F087U1V4PB2/mobile",
      "quip_thread_id": "ZBL9AA2dBaZ",
      "updated": 1735890010,
      "update_notification": null,
      "channels": [],
      "groups": [],
      "ims": [],
      "teams_shared_with": [],
      "is_restricted_sharing_enabled": false,
      "access": "read",
      "comments_count": 0,
      "title_blocks": [
        {
          "type": "rich_text",
          "block_id": "LiS",
          "elements": [
            {
              "type": "rich_text_section",
              "elements": [
                {
                  "type": "text",
                  "text": "Out-of-office coverage plan"
                }
              ]
            }
          ]
        }
      ],
      "editors": [],
      "show_badge": false,
      "canvas_template_mode": "published",
      "template_conversion_ts": 1735882755
    },
    {
      "id": "F0872C162J1",
      "created": 1735882756,
      "timestamp": 1735882756,
      "name": "Technical_specifications",
      "title": "Technical specifications",
      "mimetype": "application/vnd.slack-docs",
      "filetype": "quip",
      "pretty_type": "Canvas",
      "user": "USLACKBOT",
      "user_team": "T086YJE6ZC6",
      "editable": true,
      "size": 1243,
      "mode": "quip",
      "is_external": false,
      "external_type": "",
      "is_public": false,
      "public_url_shared": false,
      "display_as_bot": false,
      "username": "",
      "url_private": "https://files.slack.com/files-pri/T086YJE6ZC6-F0872C162J1/canvas",
      "url_private_download": "https://files.slack.com/files-pri/T086YJE6ZC6-F0872C162J1/download/canvas",
      "permalink": "https://rajtechhq.slack.com/docs/T086YJE6ZC6/F0872C162J1",
      "url_static_preview": "https://rajtechhq.slack.com/docs/T086YJE6ZC6/F0872C162J1/mobile",
      "quip_thread_id": "ccB9AALe3m8",
      "updated": 1735890021,
      "update_notification": null,
      "channels": [],
      "groups": [],
      "ims": [],
      "teams_shared_with": [],
      "is_restricted_sharing_enabled": false,
      "access": "read",
      "comments_count": 0,
      "title_blocks": [
        {
          "type": "rich_text",
          "block_id": "uNUgD",
          "elements": [
            {
              "type": "rich_text_section",
              "elements": [
                {
                  "type": "text",
                  "text": "Technical specifications"
                }
              ]
            }
          ]
        }
      ],
      "editors": [],
      "show_badge": false,
      "canvas_template_mode": "published",
      "template_conversion_ts": 1735882766
    },
    {
      "id": "F087576FW2W",
      "created": 1735882767,
      "timestamp": 1735882767,
      "name": "Incident_summary",
      "title": "Incident summary",
      "mimetype": "application/vnd.slack-docs",
      "filetype": "quip",
      "pretty_type": "Canvas",
      "user": "USLACKBOT",
      "user_team": "T086YJE6ZC6",
      "editable": true,
      "size": 1026,
      "mode": "quip",
      "is_external": false,
      "external_type": "",
      "is_public": false,
      "public_url_shared": false,
      "display_as_bot": false,
      "username": "",
      "url_private": "https://files.slack.com/files-pri/T086YJE6ZC6-F087576FW2W/canvas",
      "url_private_download": "https://files.slack.com/files-pri/T086YJE6ZC6-F087576FW2W/download/canvas",
      "permalink": "https://rajtechhq.slack.com/docs/T086YJE6ZC6/F087576FW2W",
      "url_static_preview": "https://rajtechhq.slack.com/docs/T086YJE6ZC6/F087576FW2W/mobile",
      "quip_thread_id": "XEF9AAkChCC",
      "updated": 1735890048,
      "update_notification": null,
      "channels": [],
      "groups": [],
      "ims": [],
      "teams_shared_with": [],
      "is_restricted_sharing_enabled": false,
      "access": "read",
      "comments_count": 0,
      "title_blocks": [
        {
          "type": "rich_text",
          "block_id": "s54",
          "elements": [
            {
              "type": "rich_text_section",
              "elements": [
                {
                  "type": "text",
                  "text": "Incident summary"
                }
              ]
            }
          ]
        }
      ],
      "editors": [],
      "show_badge": false,
      "canvas_template_mode": "published",
      "template_conversion_ts": 1735882778
    },
    {
      "id": "F087U1W5LBA",
      "created": 1735882778,
      "timestamp": 1735882778,
      "name": "Event_planning",
      "title": "Event planning",
      "mimetype": "application/vnd.slack-docs",
      "filetype": "quip",
      "pretty_type": "Canvas",
      "user": "USLACKBOT",
      "user_team": "T086YJE6ZC6",
      "editable": true,
      "size": 312,
      "mode": "quip",
      "is_external": false,
      "external_type": "",
      "is_public": false,
      "public_url_shared": false,
      "display_as_bot": false,
      "username": "",
      "url_private": "https://files.slack.com/files-pri/T086YJE6ZC6-F087U1W5LBA/canvas",
      "url_private_download": "https://files.slack.com/files-pri/T086YJE6ZC6-F087U1W5LBA/download/canvas",
      "permalink": "https://rajtechhq.slack.com/docs/T086YJE6ZC6/F087U1W5LBA",
      "url_static_preview": "https://rajtechhq.slack.com/docs/T086YJE6ZC6/F087U1W5LBA/mobile",
      "quip_thread_id": "QJF9AA07jOu",
      "updated": 1735890063,
      "update_notification": null,
      "channels": [],
      "groups": [],
      "ims": [],
      "teams_shared_with": [],
      "is_restricted_sharing_enabled": false,
      "access": "read",
      "comments_count": 0,
      "title_blocks": [
        {
          "type": "rich_text",
          "block_id": "KZY",
          "elements": [
            {
              "type": "rich_text_section",
              "elements": [
                {
                  "type": "text",
                  "text": "Event planning"
                }
              ]
            }
          ]
        }
      ],
      "editors": [],
      "show_badge": false,
      "canvas_template_mode": "published",
      "template_conversion_ts": 1735882789
    },
    {
      "id": "F0875776CJW",
      "created": 1735882790,
      "timestamp": 1735882790,
      "name": "Objectives_and_key_results__OKRs_",
      "title": "Objectives and key results (OKRs)",
      "mimetype": "application/vnd.slack-docs",
      "filetype": "quip",
      "pretty_type": "Canvas",
      "user": "USLACKBOT",
      "user_team": "T086YJE6ZC6",
      "editable": true,
      "size": 1240,
      "mode": "quip",
      "is_external": false,
      "external_type": "",
      "is_public": false,
      "public_url_shared": false,
      "display_as_bot": false,
      "username": "",
      "url_private": "https://files.slack.com/files-pri/T086YJE6ZC6-F0875776CJW/canvas",
      "url_private_download": "https://files.slack.com/files-pri/T086YJE6ZC6-F0875776CJW/download/canvas",
      "permalink": "https://rajtechhq.slack.com/docs/T086YJE6ZC6/F0875776CJW",
      "url_static_preview": "https://rajtechhq.slack.com/docs/T086YJE6ZC6/F0875776CJW/mobile",
      "quip_thread_id": "SVA9AAhmxRW",
      "updated": 1735890063,
      "update_notification": null,
      "channels": [],
      "groups": [],
      "ims": [],
      "teams_shared_with": [],
      "is_restricted_sharing_enabled": false,
      "access": "read",
      "comments_count": 0,
      "title_blocks": [
        {
          "type": "rich_text",
          "block_id": "o0r+9",
          "elements": [
            {
              "type": "rich_text_section",
              "elements": [
                {
                  "type": "text",
                  "text": "Objectives and key results (OKRs)"
                }
              ]
            }
          ]
        }
      ],
      "editors": [],
      "show_badge": false,
      "canvas_template_mode": "published",
      "template_conversion_ts": 1735882800
    },
    {
      "id": "F087U1WR7LY",
      "created": 1735882801,
      "timestamp": 1735882801,
      "name": "Employee_benefits",
      "title": "Employee benefits",
      "mimetype": "application/vnd.slack-docs",
      "filetype": "quip",
      "pretty_type": "Canvas",
      "user": "USLACKBOT",
      "user_team": "T086YJE6ZC6",
      "editable": true,
      "size": 588,
      "mode": "quip",
      "is_external": false,
      "external_type": "",
      "is_public": false,
      "public_url_shared": false,
      "display_as_bot": false,
      "username": "",
      "url_private": "https://files.slack.com/files-pri/T086YJE6ZC6-F087U1WR7LY/canvas",
      "url_private_download": "https://files.slack.com/files-pri/T086YJE6ZC6-F087U1WR7LY/download/canvas",
      "permalink": "https://rajtechhq.slack.com/docs/T086YJE6ZC6/F087U1WR7LY",
      "url_static_preview": "https://rajtechhq.slack.com/docs/T086YJE6ZC6/F087U1WR7LY/mobile",
      "quip_thread_id": "YGe9AArgxTU",
      "updated": 1735890070,
      "update_notification": null,
      "channels": [],
      "groups": [],
      "ims": [],
      "teams_shared_with": [],
      "is_restricted_sharing_enabled": false,
      "access": "read",
      "comments_count": 0,
      "title_blocks": [
        {
          "type": "rich_text",
          "block_id": "/m4y",
          "elements": [
            {
              "type": "rich_text_section",
              "elements": [
                {
                  "type": "text",
                  "text": "Employee benefits"
                }
              ]
            }
          ]
        }
      ],
      "editors": [],
      "show_badge": false,
      "canvas_template_mode": "published",
      "template_conversion_ts": 1735882812
    },
    {
      "id": "F087HTNQ81F",
      "created": 1735882812,
      "timestamp": 1735882812,
      "name": "Shared_resources",
      "title": "Shared resources",
      "mimetype": "application/vnd.slack-docs",
      "filetype": "quip",
      "pretty_type": "Canvas",
      "user": "USLACKBOT",
      "user_team": "T086YJE6ZC6",
      "editable": true,
      "size": 301,
      "mode": "quip",
      "is_external": false,
      "external_type": "",
      "is_public": false,
      "public_url_shared": false,
      "display_as_bot": false,
      "username": "",
      "url_private": "https://files.slack.com/files-pri/T086YJE6ZC6-F087HTNQ81F/canvas",
      "url_private_download": "https://files.slack.com/files-pri/T086YJE6ZC6-F087HTNQ81F/download/canvas",
      "permalink": "https://rajtechhq.slack.com/docs/T086YJE6ZC6/F087HTNQ81F",
      "url_static_preview": "https://rajtechhq.slack.com/docs/T086YJE6ZC6/F087HTNQ81F/mobile",
      "quip_thread_id": "JYb9AAqktoH",
      "updated": 1735890082,
      "update_notification": null,
      "channels": [],
      "groups": [],
      "ims": [],
      "teams_shared_with": [],
      "is_restricted_sharing_enabled": false,
      "access": "read",
      "comments_count": 0,
      "title_blocks": [
        {
          "type": "rich_text",
          "block_id": "1ML=",
          "elements": [
            {
              "type": "rich_text_section",
              "elements": [
                {
                  "type": "text",
                  "text": "Shared resources"
                }
              ]
            }
          ]
        }
      ],
      "editors": [],
      "show_badge": false,
      "canvas_template_mode": "published",
      "template_conversion_ts": 1735882823
    },
    {
      "id": "F08754QU6EP",
      "created": 1735882824,
      "timestamp": 1735882824,
      "name": "Agenda",
      "title": "Agenda",
      "mimetype": "application/vnd.slack-docs",
      "filetype": "quip",
      "pretty_type": "Canvas",
      "user": "USLACKBOT",
      "user_team": "T086YJE6ZC6",
      "editable": true,
      "size": 251,
      "mode": "quip",
      "is_external": false,
      "external_type": "",
      "is_public": false,
      "public_url_shared": false,
      "display_as_bot": false,
      "username": "",
      "url_private": "https://files.slack.com/files-pri/T086YJE6ZC6-F08754QU6EP/canvas",
      "url_private_download": "https://files.slack.com/files-pri/T086YJE6ZC6-F08754QU6EP/download/canvas",
      "permalink": "https://rajtechhq.slack.com/docs/T086YJE6ZC6/F08754QU6EP",
      "url_static_preview": "https://rajtechhq.slack.com/docs/T086YJE6ZC6/F08754QU6EP/mobile",
      "quip_thread_id": "bMK9AAnRjuH",
      "updated": 1735890091,
      "update_notification": null,
      "channels": [],
      "groups": [],
      "ims": [],
      "teams_shared_with": [],
      "is_restricted_sharing_enabled": false,
      "access": "read",
      "comments_count": 0,
      "title_blocks": [
        {
          "type": "rich_text",
          "block_id": "Wolts",
          "elements": [
            {
              "type": "rich_text_section",
              "elements": [
                {
                  "type": "text",
                  "text": "Agenda"
                }
              ]
            }
          ]
        }
      ],
      "editors": [],
      "show_badge": false,
      "canvas_template_mode": "published",
      "template_conversion_ts": 1735882834
    },
    {
      "id": "F087U2LBLBA",
      "created": 1735883538,
      "timestamp": 1735883538,
      "name": "Untitled",
      "title": "Untitled",
      "mimetype": "application/vnd.slack-docs",
      "filetype": "quip",
      "pretty_type": "Canvas",
      "user": "USLACKBOT",
      "user_team": "T086YJE6ZC6",
      "editable": true,
      "size": 0,
      "mode": "quip",
      "is_external": false,
      "external_type": "",
      "is_public": true,
      "public_url_shared": false,
      "display_as_bot": false,
      "username": "",
      "url_private": "https://files.slack.com/files-pri/T086YJE6ZC6-F087U2LBLBA/canvas",
      "url_private_download": "https://files.slack.com/files-pri/T086YJE6ZC6-F087U2LBLBA/download/canvas",
      "permalink": "https://rajtechhq.slack.com/canvas/C08757X2D6E",
      "url_static_preview": "https://rajtechhq.slack.com/canvas/C08757X2D6E/mobile",
      "quip_thread_id": "KbA9AA1sRG1",
      "update_notification": null,
      "is_channel_space": true,
      "linked_channel_id": "C08757X2D6E",
      "channels": [
        "C08757X2D6E"
      ],
      "groups": [],
      "ims": [],
      "teams_shared_with": [],
      "is_restricted_sharing_enabled": false,
      "access": "read",
      "comments_count": 0,
      "editors": [],
      "show_badge": false
    }
  ],
  "paging": {
    "count": 100,
    "total": 18,
    "page": 1,
    "pages": 1
  }
}
2025-01-20 17:21:37,661 - INFO - Users information: {
  "ok": true,
  "user": {
    "id": "U086Z9CEJJ2",
    "team_id": "T086YJE6ZC6",
    "name": "harish",
    "deleted": false,
    "color": "73769d",
    "real_name": "harish",
    "tz": "Asia/Kolkata",
    "tz_label": "India Standard Time",
    "tz_offset": 19800,
    "profile": {
      "title": "",
      "phone": "",
      "skype": "",
      "real_name": "harish",
      "real_name_normalized": "harish",
      "display_name": "",
      "display_name_normalized": "",
      "fields": null,
      "status_text": "",
      "status_emoji": "",
      "status_emoji_display_info": [],
      "status_expiration": 0,
      "avatar_hash": "gf4f42e37884",
      "first_name": "harish",
      "last_name": "",
      "image_24": "https://secure.gravatar.com/avatar/f4f42e37884b77b2ffabf3a644ffe47e.jpg?s=24&d=https%3A%2F%2Fa.slack-edge.com%2Fdf10d%2Fimg%2Favatars%2Fava_0001-24.png",
      "image_32": "https://secure.gravatar.com/avatar/f4f42e37884b77b2ffabf3a644ffe47e.jpg?s=32&d=https%3A%2F%2Fa.slack-edge.com%2Fdf10d%2Fimg%2Favatars%2Fava_0001-32.png",
      "image_48": "https://secure.gravatar.com/avatar/f4f42e37884b77b2ffabf3a644ffe47e.jpg?s=48&d=https%3A%2F%2Fa.slack-edge.com%2Fdf10d%2Fimg%2Favatars%2Fava_0001-48.png",
      "image_72": "https://secure.gravatar.com/avatar/f4f42e37884b77b2ffabf3a644ffe47e.jpg?s=72&d=https%3A%2F%2Fa.slack-edge.com%2Fdf10d%2Fimg%2Favatars%2Fava_0001-72.png",
      "image_192": "https://secure.gravatar.com/avatar/f4f42e37884b77b2ffabf3a644ffe47e.jpg?s=192&d=https%3A%2F%2Fa.slack-edge.com%2Fdf10d%2Fimg%2Favatars%2Fava_0001-192.png",
      "image_512": "https://secure.gravatar.com/avatar/f4f42e37884b77b2ffabf3a644ffe47e.jpg?s=512&d=https%3A%2F%2Fa.slack-edge.com%2Fdf10d%2Fimg%2Favatars%2Fava_0001-512.png",
      "status_text_canonical": "",
      "team": "T086YJE6ZC6"
    },
    "is_admin": false,
    "is_owner": false,
    "is_primary_owner": false,
    "is_restricted": false,
    "is_ultra_restricted": false,
    "is_bot": false,
    "is_app_user": false,
    "updated": 1735898951,
    "is_email_confirmed": false,
    "who_can_share_contact_card": "EVERYONE",
    "is_invited_user": true
  }
}
